Using pre-set license
Built from '2021.3/staging' branch; Version is '2021.3.2f1 (d6360bedb9a0) revision 14038539'; Using compiler version '192829333'; Build Type 'Release'
OS: 'Windows 10  (10.0.19043) 64bit Core' Language: 'fr' Physical Memory: 16243 MB
BatchMode: 1, IsHumanControllingUs: 0, StartBugReporterOnCrash: 0, Is64bit: 1, IsPro: 1

COMMAND LINE ARGUMENTS:
C:\Program Files\Unity\Hub\Editor\2021.3.2f1\Editor\Unity.exe
-adb2
-batchMode
-noUpm
-name
AssetImportWorker0
-projectPath
F:/Developpement/Unity/PhoneController
-logFile
Logs/AssetImportWorker0.log
-srvPort
59220
Successfully changed project path to: F:/Developpement/Unity/PhoneController
F:/Developpement/Unity/PhoneController
[UnityMemory] Configuration Parameters - Can be set up in boot.config
    "memorysetup-bucket-allocator-granularity=16"
    "memorysetup-bucket-allocator-bucket-count=8"
    "memorysetup-bucket-allocator-block-size=33554432"
    "memorysetup-bucket-allocator-block-count=8"
    "memorysetup-main-allocator-block-size=16777216"
    "memorysetup-thread-allocator-block-size=16777216"
    "memorysetup-gfx-main-allocator-block-size=16777216"
    "memorysetup-gfx-thread-allocator-block-size=16777216"
    "memorysetup-cache-allocator-block-size=4194304"
    "memorysetup-typetree-allocator-block-size=2097152"
    "memorysetup-profiler-bucket-allocator-granularity=16"
    "memorysetup-profiler-bucket-allocator-bucket-count=8"
    "memorysetup-profiler-bucket-allocator-block-size=33554432"
    "memorysetup-profiler-bucket-allocator-block-count=8"
    "memorysetup-profiler-allocator-block-size=16777216"
    "memorysetup-profiler-editor-allocator-block-size=1048576"
    "memorysetup-temp-allocator-size-main=16777216"
    "memorysetup-job-temp-allocator-block-size=2097152"
    "memorysetup-job-temp-allocator-block-size-background=1048576"
    "memorysetup-job-temp-allocator-reduction-small-platforms=262144"
    "memorysetup-temp-allocator-size-background-worker=32768"
    "memorysetup-temp-allocator-size-job-worker=262144"
    "memorysetup-temp-allocator-size-preload-manager=33554432"
    "memorysetup-temp-allocator-size-nav-mesh-worker=65536"
    "memorysetup-temp-allocator-size-audio-worker=65536"
    "memorysetup-temp-allocator-size-cloud-worker=32768"
    "memorysetup-temp-allocator-size-gi-baking-worker=262144"
    "memorysetup-temp-allocator-size-gfx=262144"
Refreshing native plugins compatible for Editor in 172.95 ms, found 3 plugins.
Preloading 0 native plugins for Editor in 0.00 ms.
Initialize engine version: 2021.3.2f1 (d6360bedb9a0)
[Subsystems] Discovering subsystems at path C:/Program Files/Unity/Hub/Editor/2021.3.2f1/Editor/Data/Resources/UnitySubsystems
[Subsystems] Discovering subsystems at path F:/Developpement/Unity/PhoneController/Assets
GfxDevice: creating device client; threaded=0; jobified=0
Direct3D:
    Version:  Direct3D 11.0 [level 11.1]
    Renderer: NVIDIA GeForce GTX 1060 (ID=0x1c20)
    Vendor:   NVIDIA
    VRAM:     2987 MB
    Driver:   30.0.14.7284
Initialize mono
Mono path[0] = 'C:/Program Files/Unity/Hub/Editor/2021.3.2f1/Editor/Data/Managed'
Mono path[1] = 'C:/Program Files/Unity/Hub/Editor/2021.3.2f1/Editor/Data/MonoBleedingEdge/lib/mono/unityjit-win32'
Mono config path = 'C:/Program Files/Unity/Hub/Editor/2021.3.2f1/Editor/Data/MonoBleedingEdge/etc'
Using monoOptions --debugger-agent=transport=dt_socket,embedding=1,server=y,suspend=n,address=127.0.0.1:56468
Begin MonoManager ReloadAssembly
Registering precompiled unity dll's ...
Register platform support module: C:/Program Files/Unity/Hub/Editor/2021.3.2f1/Editor/Data/PlaybackEngines/WebGLSupport/UnityEditor.WebGL.Extensions.dll
Register platform support module: C:/Program Files/Unity/Hub/Editor/2021.3.2f1/Editor/Data/PlaybackEngines/WindowsStandaloneSupport/UnityEditor.WindowsStandalone.Extensions.dll
Registered in 0.025158 seconds.
Native extension for WindowsStandalone target not found
Native extension for WebGL target not found
Refreshing native plugins compatible for Editor in 152.83 ms, found 3 plugins.
Preloading 0 native plugins for Editor in 0.00 ms.
Mono: successfully reloaded assembly
- Completed reload, in  1.586 seconds
Domain Reload Profiling:
	ReloadAssembly (1587ms)
		BeginReloadAssembly (175ms)
			ExecutionOrderSort (0ms)
			DisableScriptedObjects (0ms)
			BackupInstance (0ms)
			ReleaseScriptingObjects (0ms)
			CreateAndSetChildDomain (1ms)
		EndReloadAssembly (1087ms)
			LoadAssemblies (172ms)
			RebuildTransferFunctionScriptingTraits (0ms)
			SetupTypeCache (231ms)
			ReleaseScriptCaches (0ms)
			RebuildScriptCaches (51ms)
			SetupLoadedEditorAssemblies (698ms)
				LogAssemblyErrors (0ms)
				InitializePlatformSupportModulesInManaged (16ms)
				SetLoadedEditorAssemblies (0ms)
				RefreshPlugins (153ms)
				BeforeProcessingInitializeOnLoad (2ms)
				ProcessInitializeOnLoadAttributes (407ms)
				ProcessInitializeOnLoadMethodAttributes (119ms)
				AfterProcessingInitializeOnLoad (0ms)
				EditorAssembliesLoaded (0ms)
			ExecutionOrderSort2 (0ms)
			AwakeInstancesAfterBackupRestoration (0ms)
Platform modules already initialized, skipping
Registering precompiled user dll's ...
Registered in 0.011090 seconds.
Begin MonoManager ReloadAssembly
Symbol file LoadedFromMemory doesn't match image F:\Developpement\Unity\PhoneController\Library\PackageCache\com.unity.visualscripting@1.7.6\Editor\VisualScripting.Core\Dependencies\YamlDotNet\Unity.VisualScripting.YamlDotNet.dll
Symbol file LoadedFromMemory doesn't match image F:\Developpement\Unity\PhoneController\Library\PackageCache\com.unity.visualscripting@1.7.6\Editor\VisualScripting.Core\Dependencies\DotNetZip\Unity.VisualScripting.IonicZip.dll
Native extension for WindowsStandalone target not found
Native extension for WebGL target not found
Refreshing native plugins compatible for Editor in 0.86 ms, found 3 plugins.
Preloading 0 native plugins for Editor in 0.00 ms.
[ScriptCompilation] NOT recompiling all scripts because this is an import worker process. Reason to compile was: Define symbols changed
Mono: successfully reloaded assembly
- Completed reload, in  2.419 seconds
Domain Reload Profiling:
	ReloadAssembly (2420ms)
		BeginReloadAssembly (199ms)
			ExecutionOrderSort (0ms)
			DisableScriptedObjects (9ms)
			BackupInstance (0ms)
			ReleaseScriptingObjects (0ms)
			CreateAndSetChildDomain (37ms)
		EndReloadAssembly (2026ms)
			LoadAssemblies (155ms)
			RebuildTransferFunctionScriptingTraits (0ms)
			SetupTypeCache (540ms)
			ReleaseScriptCaches (1ms)
			RebuildScriptCaches (127ms)
			SetupLoadedEditorAssemblies (1088ms)
				LogAssemblyErrors (0ms)
				InitializePlatformSupportModulesInManaged (20ms)
				SetLoadedEditorAssemblies (1ms)
				RefreshPlugins (1ms)
				BeforeProcessingInitializeOnLoad (203ms)
				ProcessInitializeOnLoadAttributes (738ms)
				ProcessInitializeOnLoadMethodAttributes (102ms)
				AfterProcessingInitializeOnLoad (23ms)
				EditorAssembliesLoaded (0ms)
			ExecutionOrderSort2 (0ms)
			AwakeInstancesAfterBackupRestoration (12ms)
Platform modules already initialized, skipping
========================================================================
Worker process is ready to serve import requests
Launched and connected shader compiler UnityShaderCompiler.exe after 0.12 seconds
Refreshing native plugins compatible for Editor in 1.58 ms, found 3 plugins.
Preloading 0 native plugins for Editor in 0.00 ms.
Unloading 3679 Unused Serialized files (Serialized files now loaded: 0)
Unloading 31 unused Assets / (112.5 KB). Loaded Objects now: 4131.
Memory consumption went from 126.9 MB to 126.8 MB.
Total: 6.454000 ms (FindLiveObjects: 0.670900 ms CreateObjectMapping: 0.755100 ms MarkObjects: 4.800000 ms  DeleteObjects: 0.226600 ms)

AssetImportParameters requested are different than current active one (requested -> active):
  custom:video-decoder-ogg-theora: a1e56fd34408186e4bbccfd4996cb3dc -> 
  custom:container-muxer-webm: aa71ff27fc2769a1b78a27578f13a17b -> 
  custom:container-demuxer-webm: 4f35f7cbe854078d1ac9338744f61a02 -> 
  custom:video-encoder-webm-vp8: eb34c28f22e8b96e1ab97ce403110664 -> 
  custom:audio-encoder-webm-vorbis: bf7c407c2cedff20999df2af8eb42d56 -> 
  custom:framework-win-MediaFoundation: 216162199b28c13a410421893ffa2e32 -> 
  custom:container-demuxer-ogg: 62fdf1f143b41e24485cea50d1cbac27 -> 
  custom:video-decoder-webm-vp8: 9c59270c3fd7afecdb556c50c9e8de78 -> 
  custom:audio-decoder-ogg-vorbis: bf7c407c2cedff20999df2af8eb42d56 -> 
========================================================================
Received Import Request.
  Time since last request: 231921.848361 seconds.
  path: Assets/Scenes
  artifactKey: Guid(6ea315d0fd7389c41b19996891e99ae3) Importer(815301076,1909f56bfc062723c751e8b465ee728b)
Start importing Assets/Scenes using Guid(6ea315d0fd7389c41b19996891e99ae3) Importer(815301076,1909f56bfc062723c751e8b465ee728b)  -> (artifact id: 'b8193726cff86800c54781cdc6d54904') in 0.021307 seconds 
========================================================================
Received Import Request.
  Time since last request: 0.000093 seconds.
  path: Assets/ScriptTemplates
  artifactKey: Guid(8c00361129d75a941a732ef88e326a4f) Importer(815301076,1909f56bfc062723c751e8b465ee728b)
Start importing Assets/ScriptTemplates using Guid(8c00361129d75a941a732ef88e326a4f) Importer(815301076,1909f56bfc062723c751e8b465ee728b)  -> (artifact id: '37204211944f4fa35aa0787902a19b22') in 0.008694 seconds 
========================================================================
Received Import Request.
  Time since last request: 0.000029 seconds.
  path: Assets/Scenes/SampleScene.unity
  artifactKey: Guid(9fc0d4010bbf28b4594072e72b8655ab) Importer(815301076,1909f56bfc062723c751e8b465ee728b)
Start importing Assets/Scenes/SampleScene.unity using Guid(9fc0d4010bbf28b4594072e72b8655ab) Importer(815301076,1909f56bfc062723c751e8b465ee728b)  -> (artifact id: 'e55ccaa32d8e5c1de03c07a5412c8c3c') in 0.010493 seconds 
========================================================================
Received Import Request.
  Time since last request: 3.406278 seconds.
  path: Assets/Mirror
  artifactKey: Guid(5cf8eb36be0834b3da408c694a41cb88) Importer(815301076,1909f56bfc062723c751e8b465ee728b)
Start importing Assets/Mirror using Guid(5cf8eb36be0834b3da408c694a41cb88) Importer(815301076,1909f56bfc062723c751e8b465ee728b)  -> (artifact id: '2a17512e4f343f355616d8d61677130b') in 0.015156 seconds 
========================================================================
Received Import Request.
  Time since last request: 1.845492 seconds.
  path: Assets/ScriptTemplates/50-Mirror__Network Manager-NewNetworkManager.cs.txt
  artifactKey: Guid(ed73cc79a95879d4abd948a36043c798) Importer(815301076,1909f56bfc062723c751e8b465ee728b)
Start importing Assets/ScriptTemplates/50-Mirror__Network Manager-NewNetworkManager.cs.txt using Guid(ed73cc79a95879d4abd948a36043c798) Importer(815301076,1909f56bfc062723c751e8b465ee728b)  -> (artifact id: 'bed878119a337b89ca941c7a4fecfcbf') in 0.075752 seconds 
========================================================================
Received Import Request.
  Time since last request: 1.015759 seconds.
  path: Assets/ScriptTemplates/51-Mirror__Network Authenticator-NewNetworkAuthenticator.cs.txt
  artifactKey: Guid(12dc04aca2d89f744bef5a65622ba708) Importer(815301076,1909f56bfc062723c751e8b465ee728b)
Start importing Assets/ScriptTemplates/51-Mirror__Network Authenticator-NewNetworkAuthenticator.cs.txt using Guid(12dc04aca2d89f744bef5a65622ba708) Importer(815301076,1909f56bfc062723c751e8b465ee728b)  -> (artifact id: 'f7e6a0f6ecb6cfb243e150b8187709d8') in 0.013353 seconds 
========================================================================
Received Import Request.
  Time since last request: 0.333114 seconds.
  path: Assets/ScriptTemplates/52-Mirror__Network Behaviour-NewNetworkBehaviour.cs.txt
  artifactKey: Guid(29b2ae9aeacc49b47b711838dd1876a4) Importer(815301076,1909f56bfc062723c751e8b465ee728b)
Start importing Assets/ScriptTemplates/52-Mirror__Network Behaviour-NewNetworkBehaviour.cs.txt using Guid(29b2ae9aeacc49b47b711838dd1876a4) Importer(815301076,1909f56bfc062723c751e8b465ee728b)  -> (artifact id: 'cbe5f428b4dd441d97d760cce22c4287') in 0.026188 seconds 
========================================================================
Received Import Request.
  Time since last request: 0.402475 seconds.
  path: Assets/ScriptTemplates/53-Mirror__Custom Interest Management-CustomInterestManagement.cs.txt
  artifactKey: Guid(fc1892bf5b3ab304a9be7b71d05b6ae8) Importer(815301076,1909f56bfc062723c751e8b465ee728b)
Start importing Assets/ScriptTemplates/53-Mirror__Custom Interest Management-CustomInterestManagement.cs.txt using Guid(fc1892bf5b3ab304a9be7b71d05b6ae8) Importer(815301076,1909f56bfc062723c751e8b465ee728b)  -> (artifact id: '9a6b7b5a26320f0a9e0a5819340f9608') in 0.012068 seconds 
========================================================================
Received Import Request.
  Time since last request: 0.413355 seconds.
  path: Assets/ScriptTemplates/54-Mirror__Network Room Manager-NewNetworkRoomManager.cs.txt
  artifactKey: Guid(2e5656107e61a93439544b91e5f541f6) Importer(815301076,1909f56bfc062723c751e8b465ee728b)
Start importing Assets/ScriptTemplates/54-Mirror__Network Room Manager-NewNetworkRoomManager.cs.txt using Guid(2e5656107e61a93439544b91e5f541f6) Importer(815301076,1909f56bfc062723c751e8b465ee728b)  -> (artifact id: 'e6465e766481c9508ddbf1cb2c0978cd') in 0.012983 seconds 
========================================================================
Received Import Request.
  Time since last request: 0.358842 seconds.
  path: Assets/ScriptTemplates/56-Mirror__Network Discovery-NewNetworkDiscovery.cs.txt
  artifactKey: Guid(04337367db30af3459bf9e9f3f880734) Importer(815301076,1909f56bfc062723c751e8b465ee728b)
Start importing Assets/ScriptTemplates/56-Mirror__Network Discovery-NewNetworkDiscovery.cs.txt using Guid(04337367db30af3459bf9e9f3f880734) Importer(815301076,1909f56bfc062723c751e8b465ee728b)  -> (artifact id: '92d3e2d5ec1d5ee2c4b6cb9e89755cf3') in 0.016329 seconds 
========================================================================
Received Import Request.
  Time since last request: 0.382207 seconds.
  path: Assets/ScriptTemplates/57-Mirror__Network Transform-NewNetworkTransform.cs.txt
  artifactKey: Guid(38d41e2048919f64ea817eb343ffb09d) Importer(815301076,1909f56bfc062723c751e8b465ee728b)
Start importing Assets/ScriptTemplates/57-Mirror__Network Transform-NewNetworkTransform.cs.txt using Guid(38d41e2048919f64ea817eb343ffb09d) Importer(815301076,1909f56bfc062723c751e8b465ee728b)  -> (artifact id: 'cf9ef3a6da42b2bc2a614199134a7a2c') in 0.012156 seconds 
========================================================================
Received Import Request.
  Time since last request: 2.816139 seconds.
  path: Assets/Mirror/Examples
  artifactKey: Guid(a08b1f591326642d1b140fc818c9c6b1) Importer(815301076,1909f56bfc062723c751e8b465ee728b)
Start importing Assets/Mirror/Examples using Guid(a08b1f591326642d1b140fc818c9c6b1) Importer(815301076,1909f56bfc062723c751e8b465ee728b)  -> (artifact id: '2e678e907e70fa093688aa9d19a9fd78') in 0.009770 seconds 
========================================================================
Received Import Request.
  Time since last request: 0.049962 seconds.
  path: Assets/Mirror/Examples/Mirror.Examples.asmdef
  artifactKey: Guid(fecf25954bb196642ab50657689761d6) Importer(815301076,1909f56bfc062723c751e8b465ee728b)
Start importing Assets/Mirror/Examples/Mirror.Examples.asmdef using Guid(fecf25954bb196642ab50657689761d6) Importer(815301076,1909f56bfc062723c751e8b465ee728b)  -> (artifact id: 'f250cbb259153844bb5740048f9fe72d') in 0.018663 seconds 
========================================================================
Received Import Request.
  Time since last request: 0.766128 seconds.
  path: Assets/Mirror/Examples/AdditiveLevels
  artifactKey: Guid(c2da9e7acc6ad1648b0ff0849ef4c283) Importer(815301076,1909f56bfc062723c751e8b465ee728b)
Start importing Assets/Mirror/Examples/AdditiveLevels using Guid(c2da9e7acc6ad1648b0ff0849ef4c283) Importer(815301076,1909f56bfc062723c751e8b465ee728b)  -> (artifact id: '52f7c25217effa8b7e659e965f6fa7a8') in 0.015435 seconds 
========================================================================
Received Import Request.
  Time since last request: 0.810734 seconds.
  path: Assets/Mirror/Examples/AdditiveScenes
  artifactKey: Guid(b84b2a39b3027c747b21ad714a439214) Importer(815301076,1909f56bfc062723c751e8b465ee728b)
Start importing Assets/Mirror/Examples/AdditiveScenes using Guid(b84b2a39b3027c747b21ad714a439214) Importer(815301076,1909f56bfc062723c751e8b465ee728b)  -> (artifact id: '746b8580b191209febe8b8f0860671e8') in 0.013968 seconds 
========================================================================
Received Import Request.
  Time since last request: 0.408393 seconds.
  path: Assets/Mirror/Examples/Basic
  artifactKey: Guid(0ea49fcefbc864e19a94091a170fc06c) Importer(815301076,1909f56bfc062723c751e8b465ee728b)
Start importing Assets/Mirror/Examples/Basic using Guid(0ea49fcefbc864e19a94091a170fc06c) Importer(815301076,1909f56bfc062723c751e8b465ee728b)  -> (artifact id: 'd56e10f8fe6828082560772087bf7971') in 0.014352 seconds 
========================================================================
Received Import Request.
  Time since last request: 0.388290 seconds.
  path: Assets/Mirror/Examples/Chat
  artifactKey: Guid(92165d23a248449f58d0be75d794a127) Importer(815301076,1909f56bfc062723c751e8b465ee728b)
Start importing Assets/Mirror/Examples/Chat using Guid(92165d23a248449f58d0be75d794a127) Importer(815301076,1909f56bfc062723c751e8b465ee728b)  -> (artifact id: 'a4e6e52802ba9d121b3b17b9a1949073') in 0.010491 seconds 
========================================================================
Received Import Request.
  Time since last request: 1.965917 seconds.
  path: Assets/Mirror/Examples/Basic/Scenes
  artifactKey: Guid(16f46473489d3364badc2f37c4db8634) Importer(815301076,1909f56bfc062723c751e8b465ee728b)
Start importing Assets/Mirror/Examples/Basic/Scenes using Guid(16f46473489d3364badc2f37c4db8634) Importer(815301076,1909f56bfc062723c751e8b465ee728b)  -> (artifact id: 'b436188ba8d0580c14f1ebb813f6c27d') in 0.003227 seconds 
========================================================================
Received Import Request.
  Time since last request: 0.723606 seconds.
  path: Assets/Mirror/Examples/Basic/Scenes/Example.unity
  artifactKey: Guid(b30904751905d3f4dacde62ac85ec7c2) Importer(815301076,1909f56bfc062723c751e8b465ee728b)
Start importing Assets/Mirror/Examples/Basic/Scenes/Example.unity using Guid(b30904751905d3f4dacde62ac85ec7c2) Importer(815301076,1909f56bfc062723c751e8b465ee728b)  -> (artifact id: 'ec723598b197d0aef34fed0a7651c6ac') in 0.013104 seconds 
========================================================================
Received Prepare
Registering precompiled user dll's ...
Registered in 0.011602 seconds.
Begin MonoManager ReloadAssembly
Symbol file LoadedFromMemory doesn't match image F:\Developpement\Unity\PhoneController\Library\PackageCache\com.unity.visualscripting@1.7.6\Editor\VisualScripting.Core\Dependencies\YamlDotNet\Unity.VisualScripting.YamlDotNet.dll
Symbol file LoadedFromMemory doesn't match image F:\Developpement\Unity\PhoneController\Library\PackageCache\com.unity.visualscripting@1.7.6\Editor\VisualScripting.Core\Dependencies\DotNetZip\Unity.VisualScripting.IonicZip.dll
Native extension for WindowsStandalone target not found
Native extension for WebGL target not found
Refreshing native plugins compatible for Editor in 1.27 ms, found 3 plugins.
Preloading 0 native plugins for Editor in 0.00 ms.
[ScriptCompilation] NOT recompiling all scripts because this is an import worker process. Reason to compile was: Define symbols changed
Mono: successfully reloaded assembly
- Completed reload, in  3.034 seconds
Domain Reload Profiling:
	ReloadAssembly (3037ms)
		BeginReloadAssembly (255ms)
			ExecutionOrderSort (0ms)
			DisableScriptedObjects (10ms)
			BackupInstance (0ms)
			ReleaseScriptingObjects (0ms)
			CreateAndSetChildDomain (63ms)
		EndReloadAssembly (2471ms)
			LoadAssemblies (194ms)
			RebuildTransferFunctionScriptingTraits (1ms)
			SetupTypeCache (960ms)
			ReleaseScriptCaches (2ms)
			RebuildScriptCaches (106ms)
			SetupLoadedEditorAssemblies (1021ms)
				LogAssemblyErrors (0ms)
				InitializePlatformSupportModulesInManaged (40ms)
				SetLoadedEditorAssemblies (1ms)
				RefreshPlugins (2ms)
				BeforeProcessingInitializeOnLoad (207ms)
				ProcessInitializeOnLoadAttributes (616ms)
				ProcessInitializeOnLoadMethodAttributes (132ms)
				AfterProcessingInitializeOnLoad (23ms)
				EditorAssembliesLoaded (1ms)
			ExecutionOrderSort2 (0ms)
			AwakeInstancesAfterBackupRestoration (19ms)
Platform modules already initialized, skipping
Refreshing native plugins compatible for Editor in 2.46 ms, found 3 plugins.
Preloading 0 native plugins for Editor in 0.00 ms.
Unloading 3674 Unused Serialized files (Serialized files now loaded: 0)
Unloading 24 unused Assets / (79.4 KB). Loaded Objects now: 4134.
Memory consumption went from 126.9 MB to 126.9 MB.
Total: 5.434200 ms (FindLiveObjects: 0.499800 ms CreateObjectMapping: 0.250700 ms MarkObjects: 4.554300 ms  DeleteObjects: 0.127800 ms)

AssetImportParameters requested are different than current active one (requested -> active):
  custom:video-decoder-ogg-theora: a1e56fd34408186e4bbccfd4996cb3dc -> 
  custom:container-muxer-webm: aa71ff27fc2769a1b78a27578f13a17b -> 
  custom:container-demuxer-webm: 4f35f7cbe854078d1ac9338744f61a02 -> 
  custom:video-encoder-webm-vp8: eb34c28f22e8b96e1ab97ce403110664 -> 
  custom:audio-encoder-webm-vorbis: bf7c407c2cedff20999df2af8eb42d56 -> 
  custom:framework-win-MediaFoundation: 216162199b28c13a410421893ffa2e32 -> 
  custom:container-demuxer-ogg: 62fdf1f143b41e24485cea50d1cbac27 -> 
  custom:video-decoder-webm-vp8: 9c59270c3fd7afecdb556c50c9e8de78 -> 
  custom:audio-decoder-ogg-vorbis: bf7c407c2cedff20999df2af8eb42d56 -> 
========================================================================
Received Import Request.
  Time since last request: 91.668031 seconds.
  path: Assets/Mirror/Examples/Basic/Scripts
  artifactKey: Guid(9c5291659f25af9409bbc25a2d37d628) Importer(815301076,1909f56bfc062723c751e8b465ee728b)
Start importing Assets/Mirror/Examples/Basic/Scripts using Guid(9c5291659f25af9409bbc25a2d37d628) Importer(815301076,1909f56bfc062723c751e8b465ee728b)  -> (artifact id: 'ed3d6f003bcc66202b6d2a54693092fd') in 0.018586 seconds 
========================================================================
Received Import Request.
  Time since last request: 3.382434 seconds.
  path: Assets/Mirror/Examples/Basic/Prefabs
  artifactKey: Guid(4f821a97809492a479cac0843442e245) Importer(815301076,1909f56bfc062723c751e8b465ee728b)
Start importing Assets/Mirror/Examples/Basic/Prefabs using Guid(4f821a97809492a479cac0843442e245) Importer(815301076,1909f56bfc062723c751e8b465ee728b)  -> (artifact id: '08dae3680beaf569c371032df379c23c') in 0.011808 seconds 
========================================================================
Received Import Request.
  Time since last request: 0.040664 seconds.
  path: Assets/Mirror/Examples/Basic/Prefabs/Player.prefab
  artifactKey: Guid(dc2c4328591bef748abb8df795c17202) Importer(815301076,1909f56bfc062723c751e8b465ee728b)
Start importing Assets/Mirror/Examples/Basic/Prefabs/Player.prefab using Guid(dc2c4328591bef748abb8df795c17202) Importer(815301076,1909f56bfc062723c751e8b465ee728b)  -> (artifact id: '98d1f9c6611ac24f97ffbfbd12710d7a') in 0.060203 seconds 
========================================================================
Received Import Request.
  Time since last request: 0.000023 seconds.
  path: Assets/Mirror/Examples/Basic/Prefabs/PlayerUI.prefab
  artifactKey: Guid(22f1fa3a0aff72b46a371f667bb4fb30) Importer(815301076,1909f56bfc062723c751e8b465ee728b)
Start importing Assets/Mirror/Examples/Basic/Prefabs/PlayerUI.prefab using Guid(22f1fa3a0aff72b46a371f667bb4fb30) Importer(815301076,1909f56bfc062723c751e8b465ee728b)  -> (artifact id: '1ca87df8d7bcda860605bbacb11341a2') in 0.018438 seconds 
========================================================================
Received Import Request.
  Time since last request: 4.047599 seconds.
  path: Assets/Mirror/Examples/Room
  artifactKey: Guid(ba0822b68f209a743bc575c6f2cc78f0) Importer(815301076,1909f56bfc062723c751e8b465ee728b)
Start importing Assets/Mirror/Examples/Room using Guid(ba0822b68f209a743bc575c6f2cc78f0) Importer(815301076,1909f56bfc062723c751e8b465ee728b)  -> (artifact id: '07630e07da9fff2fb7c77ecf79545748') in 0.010032 seconds 
========================================================================
Received Import Request.
  Time since last request: 0.411071 seconds.
  path: Assets/Mirror/Examples/Tanks
  artifactKey: Guid(a6dc5104926d44c9296aec7699989ac3) Importer(815301076,1909f56bfc062723c751e8b465ee728b)
Start importing Assets/Mirror/Examples/Tanks using Guid(a6dc5104926d44c9296aec7699989ac3) Importer(815301076,1909f56bfc062723c751e8b465ee728b)  -> (artifact id: '023597b6bb9a258f2108c1f81b298332') in 0.009719 seconds 
========================================================================
Received Import Request.
  Time since last request: 1.092623 seconds.
  path: Assets/Mirror/Examples/Tanks/Scenes
  artifactKey: Guid(91225a3fc58fe4a7f9e10718cd3bdc61) Importer(815301076,1909f56bfc062723c751e8b465ee728b)
Start importing Assets/Mirror/Examples/Tanks/Scenes using Guid(91225a3fc58fe4a7f9e10718cd3bdc61) Importer(815301076,1909f56bfc062723c751e8b465ee728b)  -> (artifact id: 'e16c94c9df833b0039b65c2f627c5b12') in 0.004924 seconds 
========================================================================
Received Import Request.
  Time since last request: 0.651244 seconds.
  path: Assets/Mirror/Examples/Tanks/Scenes/Scene.unity
  artifactKey: Guid(83f9d2fb76f5742448c6e51f258327a2) Importer(815301076,1909f56bfc062723c751e8b465ee728b)
Start importing Assets/Mirror/Examples/Tanks/Scenes/Scene.unity using Guid(83f9d2fb76f5742448c6e51f258327a2) Importer(815301076,1909f56bfc062723c751e8b465ee728b)  -> (artifact id: '6e268718935a101a6b0ae12795c3a204') in 0.012439 seconds 
========================================================================
Received Import Request.
  Time since last request: 1.707594 seconds.
  path: Assets/Mirror/Examples/Tanks/Scenes/Scene
  artifactKey: Guid(81cfd31f234d94a0985fe946d2ce699f) Importer(815301076,1909f56bfc062723c751e8b465ee728b)
Start importing Assets/Mirror/Examples/Tanks/Scenes/Scene using Guid(81cfd31f234d94a0985fe946d2ce699f) Importer(815301076,1909f56bfc062723c751e8b465ee728b)  -> (artifact id: '38221039d16ee571b9ddf776c074673e') in 0.011715 seconds 
========================================================================
Received Import Request.
  Time since last request: 0.036869 seconds.
  path: Assets/Mirror/Examples/Tanks/Scenes/Scene/NavMesh.asset
  artifactKey: Guid(0bc607fa2e315482ebe98797e844e11f) Importer(815301076,1909f56bfc062723c751e8b465ee728b)
Start importing Assets/Mirror/Examples/Tanks/Scenes/Scene/NavMesh.asset using Guid(0bc607fa2e315482ebe98797e844e11f) Importer(815301076,1909f56bfc062723c751e8b465ee728b)  -> (artifact id: 'c3b3ab4b1f55ba2db825ade319dd837b') in 0.011924 seconds 
========================================================================
Received Prepare
Registering precompiled user dll's ...
Registered in 0.009583 seconds.
Begin MonoManager ReloadAssembly
Symbol file LoadedFromMemory doesn't match image F:\Developpement\Unity\PhoneController\Library\PackageCache\com.unity.visualscripting@1.7.6\Editor\VisualScripting.Core\Dependencies\YamlDotNet\Unity.VisualScripting.YamlDotNet.dll
Symbol file LoadedFromMemory doesn't match image F:\Developpement\Unity\PhoneController\Library\PackageCache\com.unity.visualscripting@1.7.6\Editor\VisualScripting.Core\Dependencies\DotNetZip\Unity.VisualScripting.IonicZip.dll
Native extension for WindowsStandalone target not found
Native extension for WebGL target not found
Refreshing native plugins compatible for Editor in 1.17 ms, found 3 plugins.
Preloading 0 native plugins for Editor in 0.00 ms.
[ScriptCompilation] NOT recompiling all scripts because this is an import worker process. Reason to compile was: Define symbols changed
Mono: successfully reloaded assembly
- Completed reload, in  3.184 seconds
Domain Reload Profiling:
	ReloadAssembly (3186ms)
		BeginReloadAssembly (256ms)
			ExecutionOrderSort (0ms)
			DisableScriptedObjects (10ms)
			BackupInstance (0ms)
			ReleaseScriptingObjects (0ms)
			CreateAndSetChildDomain (82ms)
		EndReloadAssembly (2640ms)
			LoadAssemblies (210ms)
			RebuildTransferFunctionScriptingTraits (0ms)
			SetupTypeCache (884ms)
			ReleaseScriptCaches (3ms)
			RebuildScriptCaches (192ms)
			SetupLoadedEditorAssemblies (1113ms)
				LogAssemblyErrors (0ms)
				InitializePlatformSupportModulesInManaged (41ms)
				SetLoadedEditorAssemblies (1ms)
				RefreshPlugins (1ms)
				BeforeProcessingInitializeOnLoad (221ms)
				ProcessInitializeOnLoadAttributes (693ms)
				ProcessInitializeOnLoadMethodAttributes (126ms)
				AfterProcessingInitializeOnLoad (28ms)
				EditorAssembliesLoaded (2ms)
			ExecutionOrderSort2 (0ms)
			AwakeInstancesAfterBackupRestoration (21ms)
Platform modules already initialized, skipping
Refreshing native plugins compatible for Editor in 6.78 ms, found 3 plugins.
Preloading 0 native plugins for Editor in 0.00 ms.
Unloading 3674 Unused Serialized files (Serialized files now loaded: 0)
Unloading 24 unused Assets / (79.4 KB). Loaded Objects now: 4139.
Memory consumption went from 127.0 MB to 126.9 MB.
Total: 3.885300 ms (FindLiveObjects: 0.320300 ms CreateObjectMapping: 0.210900 ms MarkObjects: 3.253300 ms  DeleteObjects: 0.099300 ms)

AssetImportParameters requested are different than current active one (requested -> active):
  custom:video-decoder-ogg-theora: a1e56fd34408186e4bbccfd4996cb3dc -> 
  custom:container-muxer-webm: aa71ff27fc2769a1b78a27578f13a17b -> 
  custom:container-demuxer-webm: 4f35f7cbe854078d1ac9338744f61a02 -> 
  custom:video-encoder-webm-vp8: eb34c28f22e8b96e1ab97ce403110664 -> 
  custom:audio-encoder-webm-vorbis: bf7c407c2cedff20999df2af8eb42d56 -> 
  custom:framework-win-MediaFoundation: 216162199b28c13a410421893ffa2e32 -> 
  custom:container-demuxer-ogg: 62fdf1f143b41e24485cea50d1cbac27 -> 
  custom:video-decoder-webm-vp8: 9c59270c3fd7afecdb556c50c9e8de78 -> 
  custom:audio-decoder-ogg-vorbis: bf7c407c2cedff20999df2af8eb42d56 -> 
========================================================================
Received Prepare
Refreshing native plugins compatible for Editor in 10.47 ms, found 3 plugins.
Preloading 0 native plugins for Editor in 0.00 ms.
Unloading 24 Unused Serialized files (Serialized files now loaded: 0)
Unloading 24 unused Assets / (76.7 KB). Loaded Objects now: 4139.
Memory consumption went from 53.6 MB to 53.5 MB.
Total: 27.618000 ms (FindLiveObjects: 0.340100 ms CreateObjectMapping: 0.268500 ms MarkObjects: 26.894800 ms  DeleteObjects: 0.113200 ms)

AssetImportParameters requested are different than current active one (requested -> active):
  custom:video-decoder-ogg-theora: a1e56fd34408186e4bbccfd4996cb3dc -> 
  custom:container-muxer-webm: aa71ff27fc2769a1b78a27578f13a17b -> 
  custom:container-demuxer-webm: 4f35f7cbe854078d1ac9338744f61a02 -> 
  custom:video-encoder-webm-vp8: eb34c28f22e8b96e1ab97ce403110664 -> 
  custom:audio-encoder-webm-vorbis: bf7c407c2cedff20999df2af8eb42d56 -> 
  custom:framework-win-MediaFoundation: 216162199b28c13a410421893ffa2e32 -> 
  custom:container-demuxer-ogg: 62fdf1f143b41e24485cea50d1cbac27 -> 
  custom:video-decoder-webm-vp8: 9c59270c3fd7afecdb556c50c9e8de78 -> 
  custom:audio-decoder-ogg-vorbis: bf7c407c2cedff20999df2af8eb42d56 -> 
========================================================================
Received Import Request.
  Time since last request: 281.219811 seconds.
  path: Assets/Mirror/Runtime/Mirror.asmdef
  artifactKey: Guid(30817c1a0e6d646d99c048fc403f5979) Importer(815301076,1909f56bfc062723c751e8b465ee728b)
Start importing Assets/Mirror/Runtime/Mirror.asmdef using Guid(30817c1a0e6d646d99c048fc403f5979) Importer(815301076,1909f56bfc062723c751e8b465ee728b)  -> (artifact id: '6a51864f097e5f1aa38fe7fc0512f556') in 0.009415 seconds 
========================================================================
Received Import Request.
  Time since last request: 1.194106 seconds.
  path: Assets/Mirror/Runtime/NetworkStartPosition.cs
  artifactKey: Guid(41f84591ce72545258ea98cb7518d8b9) Importer(815301076,1909f56bfc062723c751e8b465ee728b)
Start importing Assets/Mirror/Runtime/NetworkStartPosition.cs using Guid(41f84591ce72545258ea98cb7518d8b9) Importer(815301076,1909f56bfc062723c751e8b465ee728b)  -> (artifact id: '2268ac2c9a0d53fe9e1d2c1c66ff5a9e') in 0.054358 seconds 
========================================================================
Received Prepare
Registering precompiled user dll's ...
Registered in 0.010901 seconds.
Begin MonoManager ReloadAssembly
Symbol file LoadedFromMemory doesn't match image F:\Developpement\Unity\PhoneController\Library\PackageCache\com.unity.visualscripting@1.7.6\Editor\VisualScripting.Core\Dependencies\YamlDotNet\Unity.VisualScripting.YamlDotNet.dll
Symbol file LoadedFromMemory doesn't match image F:\Developpement\Unity\PhoneController\Library\PackageCache\com.unity.visualscripting@1.7.6\Editor\VisualScripting.Core\Dependencies\DotNetZip\Unity.VisualScripting.IonicZip.dll
Native extension for WindowsStandalone target not found
Native extension for WebGL target not found
Refreshing native plugins compatible for Editor in 0.74 ms, found 3 plugins.
Preloading 0 native plugins for Editor in 0.00 ms.
Mono: successfully reloaded assembly
- Completed reload, in  3.194 seconds
Domain Reload Profiling:
	ReloadAssembly (3200ms)
		BeginReloadAssembly (505ms)
			ExecutionOrderSort (0ms)
			DisableScriptedObjects (39ms)
			BackupInstance (0ms)
			ReleaseScriptingObjects (0ms)
			CreateAndSetChildDomain (140ms)
		EndReloadAssembly (2329ms)
			LoadAssemblies (400ms)
			RebuildTransferFunctionScriptingTraits (0ms)
			SetupTypeCache (521ms)
			ReleaseScriptCaches (3ms)
			RebuildScriptCaches (74ms)
			SetupLoadedEditorAssemblies (1212ms)
				LogAssemblyErrors (0ms)
				InitializePlatformSupportModulesInManaged (24ms)
				SetLoadedEditorAssemblies (1ms)
				RefreshPlugins (1ms)
				BeforeProcessingInitializeOnLoad (115ms)
				ProcessInitializeOnLoadAttributes (568ms)
				ProcessInitializeOnLoadMethodAttributes (143ms)
				AfterProcessingInitializeOnLoad (346ms)
				EditorAssembliesLoaded (14ms)
			ExecutionOrderSort2 (0ms)
			AwakeInstancesAfterBackupRestoration (31ms)
Platform modules already initialized, skipping
Refreshing native plugins compatible for Editor in 6.20 ms, found 3 plugins.
Preloading 0 native plugins for Editor in 0.00 ms.
Unloading 3674 Unused Serialized files (Serialized files now loaded: 0)
Unloading 24 unused Assets / (79.4 KB). Loaded Objects now: 4142.
Memory consumption went from 127.1 MB to 127.0 MB.
Total: 9.075200 ms (FindLiveObjects: 1.464200 ms CreateObjectMapping: 0.983100 ms MarkObjects: 6.378200 ms  DeleteObjects: 0.248100 ms)

AssetImportParameters requested are different than current active one (requested -> active):
  custom:video-decoder-ogg-theora: a1e56fd34408186e4bbccfd4996cb3dc -> 
  custom:container-muxer-webm: aa71ff27fc2769a1b78a27578f13a17b -> 
  custom:container-demuxer-webm: 4f35f7cbe854078d1ac9338744f61a02 -> 
  custom:video-encoder-webm-vp8: eb34c28f22e8b96e1ab97ce403110664 -> 
  custom:audio-encoder-webm-vorbis: bf7c407c2cedff20999df2af8eb42d56 -> 
  custom:framework-win-MediaFoundation: 216162199b28c13a410421893ffa2e32 -> 
  custom:container-demuxer-ogg: 62fdf1f143b41e24485cea50d1cbac27 -> 
  custom:video-decoder-webm-vp8: 9c59270c3fd7afecdb556c50c9e8de78 -> 
  custom:audio-decoder-ogg-vorbis: bf7c407c2cedff20999df2af8eb42d56 -> 
========================================================================
Received Import Request.
  Time since last request: 193.058700 seconds.
  path: Assets/Mirror/Components/NetworkTransform2k/NetworkTransformSnapshot.cs
  artifactKey: Guid(d3dae77b43dc4e1dbb2012924b2da79c) Importer(815301076,1909f56bfc062723c751e8b465ee728b)
Start importing Assets/Mirror/Components/NetworkTransform2k/NetworkTransformSnapshot.cs using Guid(d3dae77b43dc4e1dbb2012924b2da79c) Importer(815301076,1909f56bfc062723c751e8b465ee728b)  -> (artifact id: 'e95fad8ed8564b753a2debb478a39290') in 0.016674 seconds 
========================================================================
Received Import Request.
  Time since last request: 0.865856 seconds.
  path: Assets/Mirror/Components/NetworkTransform2k/NetworkTransformChild.cs
  artifactKey: Guid(734b48bea0b204338958ee3d885e11f0) Importer(815301076,1909f56bfc062723c751e8b465ee728b)
Start importing Assets/Mirror/Components/NetworkTransform2k/NetworkTransformChild.cs using Guid(734b48bea0b204338958ee3d885e11f0) Importer(815301076,1909f56bfc062723c751e8b465ee728b)  -> (artifact id: '306447c00384c09a8809ecaa07d2338f') in 0.023930 seconds 
========================================================================
Received Import Request.
  Time since last request: 0.294507 seconds.
  path: Assets/Mirror/Components/NetworkTransform2k/NetworkTransformBase.cs
  artifactKey: Guid(2e77294d8ccbc4e7cb8ca2bd0d3e99ea) Importer(815301076,1909f56bfc062723c751e8b465ee728b)
Start importing Assets/Mirror/Components/NetworkTransform2k/NetworkTransformBase.cs using Guid(2e77294d8ccbc4e7cb8ca2bd0d3e99ea) Importer(815301076,1909f56bfc062723c751e8b465ee728b)  -> (artifact id: '22203acac866ee410e9b5cf6a5d3bac5') in 0.017905 seconds 
========================================================================
Received Import Request.
  Time since last request: 0.336523 seconds.
  path: Assets/Mirror/Components/NetworkTransform2k/NetworkTransform.cs
  artifactKey: Guid(2f74aedd71d9a4f55b3ce499326d45fb) Importer(815301076,1909f56bfc062723c751e8b465ee728b)
Start importing Assets/Mirror/Components/NetworkTransform2k/NetworkTransform.cs using Guid(2f74aedd71d9a4f55b3ce499326d45fb) Importer(815301076,1909f56bfc062723c751e8b465ee728b)  -> (artifact id: 'b1fe963c5068b4f6dcfdefc971a8c22e') in 0.010382 seconds 
========================================================================
Received Import Request.
  Time since last request: 1.043790 seconds.
  path: Assets/Mirror/Components/Mirror.Components.asmdef
  artifactKey: Guid(72872094b21c16e48b631b2224833d49) Importer(815301076,1909f56bfc062723c751e8b465ee728b)
Start importing Assets/Mirror/Components/Mirror.Components.asmdef using Guid(72872094b21c16e48b631b2224833d49) Importer(815301076,1909f56bfc062723c751e8b465ee728b)  -> (artifact id: 'baaea89961e2184196d7756fde4ae800') in 0.024393 seconds 
========================================================================
Received Import Request.
  Time since last request: 1.004138 seconds.
  path: Assets/Mirror/Components/NetworkTransform2k
  artifactKey: Guid(44e823b93c7d2477c8796766dc364c59) Importer(815301076,1909f56bfc062723c751e8b465ee728b)
Start importing Assets/Mirror/Components/NetworkTransform2k using Guid(44e823b93c7d2477c8796766dc364c59) Importer(815301076,1909f56bfc062723c751e8b465ee728b)  -> (artifact id: 'faf66e99835f4fa07ceed4b85497963a') in 0.014794 seconds 
========================================================================
Received Import Request.
  Time since last request: 0.494036 seconds.
  path: Assets/Mirror/Components/InterestManagement
  artifactKey: Guid(c66f27e006ab94253b39a55a3b213651) Importer(815301076,1909f56bfc062723c751e8b465ee728b)
Start importing Assets/Mirror/Components/InterestManagement using Guid(c66f27e006ab94253b39a55a3b213651) Importer(815301076,1909f56bfc062723c751e8b465ee728b)  -> (artifact id: 'a4a722ab9647974114689de817712ee9') in 0.009616 seconds 
========================================================================
Received Import Request.
  Time since last request: 0.450180 seconds.
  path: Assets/Mirror/Components/Experimental
  artifactKey: Guid(bfbf2a1f2b300c5489dcab219ef2846e) Importer(815301076,1909f56bfc062723c751e8b465ee728b)
Start importing Assets/Mirror/Components/Experimental using Guid(bfbf2a1f2b300c5489dcab219ef2846e) Importer(815301076,1909f56bfc062723c751e8b465ee728b)  -> (artifact id: 'f24a15474cf0e9609d1ce096f4397092') in 0.011276 seconds 
========================================================================
Received Import Request.
  Time since last request: 0.357080 seconds.
  path: Assets/Mirror/Components/Discovery
  artifactKey: Guid(b5dcf9618f5e14a4eb60bff5480284a6) Importer(815301076,1909f56bfc062723c751e8b465ee728b)
Start importing Assets/Mirror/Components/Discovery using Guid(b5dcf9618f5e14a4eb60bff5480284a6) Importer(815301076,1909f56bfc062723c751e8b465ee728b)  -> (artifact id: 'd7f2728dccf889d43b3954e2b7e250e4') in 0.009587 seconds 
========================================================================
Received Import Request.
  Time since last request: 1.652229 seconds.
  path: Assets/Mirror/Components/AssemblyInfo.cs
  artifactKey: Guid(a65b9283f7a724e70b8e17cb277f4c1e) Importer(815301076,1909f56bfc062723c751e8b465ee728b)
Start importing Assets/Mirror/Components/AssemblyInfo.cs using Guid(a65b9283f7a724e70b8e17cb277f4c1e) Importer(815301076,1909f56bfc062723c751e8b465ee728b)  -> (artifact id: 'c7de008683395c97f133e0095469061b') in 0.014680 seconds 
========================================================================
Received Import Request.
  Time since last request: 0.311798 seconds.
  path: Assets/Mirror/Components/GUIConsole.cs
  artifactKey: Guid(9021b6cc314944290986ab6feb48db79) Importer(815301076,1909f56bfc062723c751e8b465ee728b)
Start importing Assets/Mirror/Components/GUIConsole.cs using Guid(9021b6cc314944290986ab6feb48db79) Importer(815301076,1909f56bfc062723c751e8b465ee728b)  -> (artifact id: 'a11b9f892f48e7f64bf814ea7749fafa') in 0.008121 seconds 
========================================================================
Received Import Request.
  Time since last request: 0.845928 seconds.
  path: Assets/Mirror/Components/NetworkAnimator.cs
  artifactKey: Guid(7f6f3bf89aa97405989c802ba270f815) Importer(815301076,1909f56bfc062723c751e8b465ee728b)
Start importing Assets/Mirror/Components/NetworkAnimator.cs using Guid(7f6f3bf89aa97405989c802ba270f815) Importer(815301076,1909f56bfc062723c751e8b465ee728b)  -> (artifact id: 'c29373904a6ad956affe6427b2c2aaa7') in 0.010030 seconds 
========================================================================
Received Import Request.
  Time since last request: 0.485093 seconds.
  path: Assets/Mirror/Components/NetworkLobbyManager.cs
  artifactKey: Guid(a4c96e6dd99826849ab1431f94547141) Importer(815301076,1909f56bfc062723c751e8b465ee728b)
Start importing Assets/Mirror/Components/NetworkLobbyManager.cs using Guid(a4c96e6dd99826849ab1431f94547141) Importer(815301076,1909f56bfc062723c751e8b465ee728b)  -> (artifact id: '5b3472b6e1fc778556618d0e4cb1a678') in 0.009706 seconds 
========================================================================
Received Import Request.
  Time since last request: 0.393785 seconds.
  path: Assets/Mirror/Components/NetworkLobbyPlayer.cs
  artifactKey: Guid(777a368af85f2e84da7ea5666581921b) Importer(815301076,1909f56bfc062723c751e8b465ee728b)
Start importing Assets/Mirror/Components/NetworkLobbyPlayer.cs using Guid(777a368af85f2e84da7ea5666581921b) Importer(815301076,1909f56bfc062723c751e8b465ee728b)  -> (artifact id: 'db0f3c97f6037bd8092726e68f7a979f') in 0.026231 seconds 
========================================================================
Received Import Request.
  Time since last request: 0.445318 seconds.
  path: Assets/Mirror/Components/NetworkPingDisplay.cs
  artifactKey: Guid(bc654f29862fc2643b948f772ebb9e68) Importer(815301076,1909f56bfc062723c751e8b465ee728b)
Start importing Assets/Mirror/Components/NetworkPingDisplay.cs using Guid(bc654f29862fc2643b948f772ebb9e68) Importer(815301076,1909f56bfc062723c751e8b465ee728b)  -> (artifact id: '183155cf221b9c87be3ac1f1ae8d7137') in 0.019385 seconds 
========================================================================
Received Import Request.
  Time since last request: 0.539781 seconds.
  path: Assets/Mirror/Components/NetworkRoomManager.cs
  artifactKey: Guid(615e6c6589cf9e54cad646b5a11e0529) Importer(815301076,1909f56bfc062723c751e8b465ee728b)
Start importing Assets/Mirror/Components/NetworkRoomManager.cs using Guid(615e6c6589cf9e54cad646b5a11e0529) Importer(815301076,1909f56bfc062723c751e8b465ee728b)  -> (artifact id: '3f26fa0459922bee393c20b5681266b1') in 0.046982 seconds 
========================================================================
Received Import Request.
  Time since last request: 0.277054 seconds.
  path: Assets/Mirror/Components/NetworkRoomPlayer.cs
  artifactKey: Guid(79874ac94d5b1314788ecf0e86bd23fd) Importer(815301076,1909f56bfc062723c751e8b465ee728b)
Start importing Assets/Mirror/Components/NetworkRoomPlayer.cs using Guid(79874ac94d5b1314788ecf0e86bd23fd) Importer(815301076,1909f56bfc062723c751e8b465ee728b)  -> (artifact id: '3634b95e261b507cb4436c38bd9986de') in 0.013978 seconds 
========================================================================
Received Import Request.
  Time since last request: 0.320758 seconds.
  path: Assets/Mirror/Components/NetworkStatistics.cs
  artifactKey: Guid(6d7da4e566d24ea7b0e12178d934b648) Importer(815301076,1909f56bfc062723c751e8b465ee728b)
Start importing Assets/Mirror/Components/NetworkStatistics.cs using Guid(6d7da4e566d24ea7b0e12178d934b648) Importer(815301076,1909f56bfc062723c751e8b465ee728b)  -> (artifact id: 'cfc08d444fa6235661d4185c75eed82e') in 0.009125 seconds 
========================================================================
Received Import Request.
  Time since last request: 2.214728 seconds.
  path: Assets/Mirror/Components
  artifactKey: Guid(9bee879fbc8ef4b1a9a9f7088bfbf726) Importer(815301076,1909f56bfc062723c751e8b465ee728b)
Start importing Assets/Mirror/Components using Guid(9bee879fbc8ef4b1a9a9f7088bfbf726) Importer(815301076,1909f56bfc062723c751e8b465ee728b)  -> (artifact id: '726cda5c185db32f1542a9feee61890a') in 0.011710 seconds 
========================================================================
Received Import Request.
  Time since last request: 4.939897 seconds.
  path: Assets/Mirror/Notice.txt
  artifactKey: Guid(1a7b49ad188074707b004e7bb8824857) Importer(815301076,1909f56bfc062723c751e8b465ee728b)
Start importing Assets/Mirror/Notice.txt using Guid(1a7b49ad188074707b004e7bb8824857) Importer(815301076,1909f56bfc062723c751e8b465ee728b)  -> (artifact id: '1ed76a7166495a8bfa0a34598c529f2b') in 0.023356 seconds 
========================================================================
Received Import Request.
  Time since last request: 0.939674 seconds.
  path: Assets/Mirror/Readme.txt
  artifactKey: Guid(f6d84e019c68446f28415a923b460a03) Importer(815301076,1909f56bfc062723c751e8b465ee728b)
Start importing Assets/Mirror/Readme.txt using Guid(f6d84e019c68446f28415a923b460a03) Importer(815301076,1909f56bfc062723c751e8b465ee728b)  -> (artifact id: '5df1f130dc5893be07f3e58c8289d50d') in 0.009083 seconds 
========================================================================
Received Import Request.
  Time since last request: 2.309918 seconds.
  path: Assets/Mirror/Version.txt
  artifactKey: Guid(c6b1f72568a9340178b4c34608fbdbc3) Importer(815301076,1909f56bfc062723c751e8b465ee728b)
Start importing Assets/Mirror/Version.txt using Guid(c6b1f72568a9340178b4c34608fbdbc3) Importer(815301076,1909f56bfc062723c751e8b465ee728b)  -> (artifact id: 'b085a0319d27dfdc64f7390b842b474a') in 0.010856 seconds 
========================================================================
Received Import Request.
  Time since last request: 2.323762 seconds.
  path: Assets/Mirror/Authenticators
  artifactKey: Guid(1b2f9d254154cd942ba40b06b869b8f3) Importer(815301076,1909f56bfc062723c751e8b465ee728b)
Start importing Assets/Mirror/Authenticators using Guid(1b2f9d254154cd942ba40b06b869b8f3) Importer(815301076,1909f56bfc062723c751e8b465ee728b)  -> (artifact id: '703348d2015bb733807e79e98820cedb') in 0.011055 seconds 
========================================================================
Received Import Request.
  Time since last request: 0.557149 seconds.
  path: Assets/Mirror/Authenticators/Mirror.Authenticators.asmdef
  artifactKey: Guid(e720aa64e3f58fb4880566a322584340) Importer(815301076,1909f56bfc062723c751e8b465ee728b)
Start importing Assets/Mirror/Authenticators/Mirror.Authenticators.asmdef using Guid(e720aa64e3f58fb4880566a322584340) Importer(815301076,1909f56bfc062723c751e8b465ee728b)  -> (artifact id: 'd6b5123d1b07a97bd70fd9eeb7be2038') in 0.016509 seconds 
========================================================================
Received Import Request.
  Time since last request: 0.973681 seconds.
  path: Assets/Mirror/Authenticators/BasicAuthenticator.cs
  artifactKey: Guid(28496b776660156428f00cf78289c1ec) Importer(815301076,1909f56bfc062723c751e8b465ee728b)
Start importing Assets/Mirror/Authenticators/BasicAuthenticator.cs using Guid(28496b776660156428f00cf78289c1ec) Importer(815301076,1909f56bfc062723c751e8b465ee728b)  -> (artifact id: '3d233e2a102396dcf5b3007224b7708c') in 0.009146 seconds 
========================================================================
Received Import Request.
  Time since last request: 6.389105 seconds.
  path: Assets/StreamingAssets
  artifactKey: Guid(f5845344b90372b4eb792adc1ebf0f06) Importer(815301076,1909f56bfc062723c751e8b465ee728b)
Start importing Assets/StreamingAssets using Guid(f5845344b90372b4eb792adc1ebf0f06) Importer(815301076,1909f56bfc062723c751e8b465ee728b)  -> (artifact id: '22673a3902fa82b93f87574181b42c8f') in 0.019579 seconds 
